JB/build/outputs/logs/manifest-merger-debug-report.txt
-- Merging decision tree log ---
manifest
ADDED from src\main\AndroidManifest.xml:2:1-348:12
INJECTED from src\main\AndroidManifest.xml:2:1-348:12
INJECTED from src\main\AndroidManifest.xml:2:1-348:12
INJECTED from src\main\AndroidManifest.xml:2:1-348:12
MERGED from [com.android.support:support-v4:21.0.3] AndroidManifest.xml:14:4-17:12
INJECTED from src\main\AndroidManifest.xml:2:1-348:12
INJECTED from src\main\AndroidManifest.xml:2:1-348:12
INJECTED from src\main\AndroidManifest.xml:2:1-348:12
	package
		ADDED from src\main\AndroidManifest.xml:3:5-30
		INJECTED from src\main\AndroidManifest.xml
		INJECTED from src\main\AndroidManifest.xml
	android:versionName
		ADDED from src\main\AndroidManifest.xml:5:5-32
		INJECTED from src\main\AndroidManifest.xml
		INJECTED from src\main\AndroidManifest.xml
	xmlns:android
		ADDED from src\main\AndroidManifest.xml:2:11-69
	android:versionCode
		ADDED from src\main\AndroidManifest.xml:4:5-28
		INJECTED from src\main\AndroidManifest.xml
		INJECTED from src\main\AndroidManifest.xml
uses-sdk
ADDED from src\main\AndroidManifest.xml:7:5-9:41
INJECTED from src\main\AndroidManifest.xml:7:5-9:41
INJECTED from src\main\AndroidManifest.xml:7:5-9:41
MERGED from [com.android.support:support-v4:21.0.3] AndroidManifest.xml:15:5-42
MERGED from [com.android.support:support-v4:21.0.3] AndroidManifest.xml:15:5-42
INJECTED from src\main\AndroidManifest.xml:7:5-9:41
INJECTED from src\main\AndroidManifest.xml:7:5-9:41
	android:targetSdkVersion
		ADDED from src\main\AndroidManifest.xml:9:9-38
		INJECTED from src\main\AndroidManifest.xml
		INJECTED from src\main\AndroidManifest.xml
	android:minSdkVersion
		ADDED from src\main\AndroidManifest.xml:8:9-35
		INJECTED from src\main\AndroidManifest.xml
		INJECTED from src\main\AndroidManifest.xml
uses-permission#android.permission.INTERNET
ADDED from src\main\AndroidManifest.xml:11:5-67
	android:name
		ADDED from src\main\AndroidManifest.xml:11:22-64
uses-permission#android.permission.WRITE_EXTERNAL_STORAGE
ADDED from src\main\AndroidManifest.xml:12:5-81
	android:name
		ADDED from src\main\AndroidManifest.xml:12:22-78
uses-permission#android.permission.GET_TASKS
ADDED from src\main\AndroidManifest.xml:15:5-68
	android:name
		ADDED from src\main\AndroidManifest.xml:15:22-65
uses-permission#android.permission.ACCESS_WIFI_STATE
ADDED from src\main\AndroidManifest.xml:16:5-76
	android:name
		ADDED from src\main\AndroidManifest.xml:16:22-73
uses-permission#android.permission.ACCESS_NETWORK_STATE
ADDED from src\main\AndroidManifest.xml:17:5-79
	android:name
		ADDED from src\main\AndroidManifest.xml:17:22-76
uses-permission#android.permission.CHANGE_WIFI_STATE
ADDED from src\main\AndroidManifest.xml:18:5-76
	android:name
		ADDED from src\main\AndroidManifest.xml:18:22-73
uses-permission#android.permission.READ_PHONE_STATE
ADDED from src\main\AndroidManifest.xml:19:5-75
	android:name
		ADDED from src\main\AndroidManifest.xml:19:22-72
uses-permission#android.permission.MANAGE_ACCOUNTS
ADDED from src\main\AndroidManifest.xml:20:5-74
	android:name
		ADDED from src\main\AndroidManifest.xml:20:22-71
uses-permission#android.permission.GET_ACCOUNTS
ADDED from src\main\AndroidManifest.xml:21:5-71
	android:name
		ADDED from src\main\AndroidManifest.xml:21:22-68
uses-permission#android.permission.READ_EXTERNAL_STORAGE
ADDED from src\main\AndroidManifest.xml:22:5-80
	android:name
		ADDED from src\main\AndroidManifest.xml:22:22-77
uses-permission#android.permission.CALL_PHONE
ADDED from src\main\AndroidManifest.xml:23:5-69
	android:name
		ADDED from src\main\AndroidManifest.xml:23:22-66
application
ADDED from src\main\AndroidManifest.xml:25:5-346:19
MERGED from [com.android.support:support-v4:21.0.3] AndroidManifest.xml:16:5-19
MERGED from [com.android.support:support-v4:21.0.3] AndroidManifest.xml:16:5-19
	android:label
		ADDED from src\main\AndroidManifest.xml:29:9-41
	android:launchMode
		ADDED from src\main\AndroidManifest.xml:30:9-44
	android:icon
		ADDED from src\main\AndroidManifest.xml:28:9-45
	android:allowBackup
		ADDED from src\main\AndroidManifest.xml:27:9-35
	android:theme
		ADDED from src\main\AndroidManifest.xml:31:9-56
	android:name
		ADDED from src\main\AndroidManifest.xml:26:9-58
activity#com.jiubang.p2p.ui.StartActivity
ADDED from src\main\AndroidManifest.xml:32:9-44:20
	android:screenOrientation
		ADDED from src\main\AndroidManifest.xml:37:13-49
	android:label
		ADDED from src\main\AndroidManifest.xml:35:13-45
	android:launchMode
		ADDED from src\main\AndroidManifest.xml:36:13-43
	android:configChanges
		ADDED from src\main\AndroidManifest.xml:34:13-63
	android:theme
		ADDED from src\main\AndroidManifest.xml:38:13-60
	android:name
		ADDED from src\main\AndroidManifest.xml:33:13-45
intent-filter#android.intent.action.MAIN+android.intent.category.LAUNCHER
ADDED from src\main\AndroidManifest.xml:39:13-43:29
action#android.intent.action.MAIN
ADDED from src\main\AndroidManifest.xml:40:17-69
	android:name
		ADDED from src\main\AndroidManifest.xml:40:25-66
category#android.intent.category.LAUNCHER
ADDED from src\main\AndroidManifest.xml:42:17-77
	android:name
		ADDED from src\main\AndroidManifest.xml:42:27-74
activity#com.jiubang.p2p.ui.MainActivity
ADDED from src\main\AndroidManifest.xml:45:9-48:52
	android:screenOrientation
		ADDED from src\main\AndroidManifest.xml:48:13-49
	android:launchMode
		ADDED from src\main\AndroidManifest.xml:47:13-42
	android:name
		ADDED from src\main\AndroidManifest.xml:46:13-44
activity#com.jiubang.p2p.ui.FinancialPlanActivity
ADDED from src\main\AndroidManifest.xml:49:9-52:52
	android:screenOrientation
		ADDED from src\main\AndroidManifest.xml:52:13-49
	android:launchMode
		ADDED from src\main\AndroidManifest.xml:51:13-42
	android:name
		ADDED from src\main\AndroidManifest.xml:50:13-53
activity#com.jiubang.p2p.ui.Plan_ABCActivity
ADDED from src\main\AndroidManifest.xml:57:9-60:52
	android:screenOrientation
		ADDED from src\main\AndroidManifest.xml:60:13-49
	android:launchMode
		ADDED from src\main\AndroidManifest.xml:59:13-42
	android:name
		ADDED from src\main\AndroidManifest.xml:58:13-48
activity#com.jiubang.p2p.ui.SiginupMessageActivity
ADDED from src\main\AndroidManifest.xml:61:9-64:52
	android:screenOrientation
		ADDED from src\main\AndroidManifest.xml:64:13-49
	android:launchMode
		ADDED from src\main\AndroidManifest.xml:63:13-44
	android:name
		ADDED from src\main\AndroidManifest.xml:62:13-54
activity#com.jiubang.p2p.ui.SiginupActivity
ADDED from src\main\AndroidManifest.xml:65:9-68:52
	android:screenOrientation
		ADDED from src\main\AndroidManifest.xml:68:13-49
	android:launchMode
		ADDED from src\main\AndroidManifest.xml:67:13-44
	android:name
		ADDED from src\main\AndroidManifest.xml:66:13-47
activity#com.jiubang.p2p.ui.AdActivity
ADDED from src\main\AndroidManifest.xml:69:9-72:52
	android:screenOrientation
		ADDED from src\main\AndroidManifest.xml:72:13-49
	android:launchMode
		ADDED from src\main\AndroidManifest.xml:71:13-44
	android:name
		ADDED from src\main\AndroidManifest.xml:70:13-42
activity#com.jiubang.p2p.ui.TestActivity
ADDED from src\main\AndroidManifest.xml:73:9-76:52
	android:screenOrientation
		ADDED from src\main\AndroidManifest.xml:76:13-49
	android:launchMode
		ADDED from src\main\AndroidManifest.xml:75:13-44
	android:name
		ADDED from src\main\AndroidManifest.xml:74:13-44
activity#com.jiubang.p2p.ui.SigninActivity
ADDED from src\main\AndroidManifest.xml:77:9-80:52
	android:screenOrientation
		ADDED from src\main\AndroidManifest.xml:80:13-49
	android:launchMode
		ADDED from src\main\AndroidManifest.xml:79:13-44
	android:name
		ADDED from src\main\AndroidManifest.xml:78:13-46
activity#com.jiubang.p2p.ui.AccountActivity
ADDED from src\main\AndroidManifest.xml:81:9-84:52
	android:screenOrientation
		ADDED from src\main\AndroidManifest.xml:84:13-49
	android:launchMode
		ADDED from src\main\AndroidManifest.xml:83:13-44
	android:name
		ADDED from src\main\AndroidManifest.xml:82:13-47
activity#com.jiubang.p2p.ui.UsernameActivity
ADDED from src\main\AndroidManifest.xml:85:9-88:52
	android:screenOrientation
		ADDED from src\main\AndroidManifest.xml:88:13-49
	android:launchMode
		ADDED from src\main\AndroidManifest.xml:87:13-44
	android:name
		ADDED from src\main\AndroidManifest.xml:86:13-48
activity#com.jiubang.p2p.ui.IdcardActivity
ADDED from src\main\AndroidManifest.xml:89:9-92:52
	android:screenOrientation
		ADDED from src\main\AndroidManifest.xml:92:13-49
	android:launchMode
		ADDED from src\main\AndroidManifest.xml:91:13-44
	android:name
		ADDED from src\main\AndroidManifest.xml:90:13-46
activity#com.jiubang.p2p.ui.PasswordActivity
ADDED from src\main\AndroidManifest.xml:93:9-96:52
	android:screenOrientation
		ADDED from src\main\AndroidManifest.xml:96:13-49
	android:launchMode
		ADDED from src\main\AndroidManifest.xml:95:13-44
	android:name
		ADDED from src\main\AndroidManifest.xml:94:13-48
activity#com.jiubang.p2p.ui.AnnoActivity
ADDED from src\main\AndroidManifest.xml:97:9-100:52
	android:screenOrientation
		ADDED from src\main\AndroidManifest.xml:100:13-49
	android:launchMode
		ADDED from src\main\AndroidManifest.xml:99:13-44
	android:name
		ADDED from src\main\AndroidManifest.xml:98:13-44
activity#com.jiubang.p2p.ui.AnnoContentActivity
ADDED from src\main\AndroidManifest.xml:101:9-104:52
	android:screenOrientation
		ADDED from src\main\AndroidManifest.xml:104:13-49
	android:launchMode
		ADDED from src\main\AndroidManifest.xml:103:13-44
	android:name
		ADDED from src\main\AndroidManifest.xml:102:13-51
activity#com.jiubang.p2p.ui.MediaActivity
ADDED from src\main\AndroidManifest.xml:105:9-108:52
	android:screenOrientation
		ADDED from src\main\AndroidManifest.xml:108:13-49
	android:launchMode
		ADDED from src\main\AndroidManifest.xml:107:13-44
	android:name
		ADDED from src\main\AndroidManifest.xml:106:13-45
activity#com.jiubang.p2p.ui.MediaContentActivity
ADDED from src\main\AndroidManifest.xml:109:9-112:52
	android:screenOrientation
		ADDED from src\main\AndroidManifest.xml:112:13-49
	android:launchMode
		ADDED from src\main\AndroidManifest.xml:111:13-44
	android:name
		ADDED from src\main\AndroidManifest.xml:110:13-52
activity#com.jiubang.p2p.ui.InvestActivity
ADDED from src\main\AndroidManifest.xml:113:9-116:52
	android:screenOrientation
		ADDED from src\main\AndroidManifest.xml:116:13-49
	android:launchMode
		ADDED from src\main\AndroidManifest.xml:115:13-44
	android:name
		ADDED from src\main\AndroidManifest.xml:114:13-46
activity#com.jiubang.p2p.ui.InvestDetailActivity
ADDED from src\main\AndroidManifest.xml:117:9-120:52
	android:screenOrientation
		ADDED from src\main\AndroidManifest.xml:120:13-49
	android:launchMode
		ADDED from src\main\AndroidManifest.xml:119:13-44
	android:name
		ADDED from src\main\AndroidManifest.xml:118:13-52
activity#com.jiubang.p2p.ui.RedActivity
ADDED from src\main\AndroidManifest.xml:121:9-124:52
	android:screenOrientation
		ADDED from src\main\AndroidManifest.xml:124:13-49
	android:launchMode
		ADDED from src\main\AndroidManifest.xml:123:13-44
	android:name
		ADDED from src\main\AndroidManifest.xml:122:13-43
activity#com.jiubang.p2p.ui.ChargeCashBFActivity
ADDED from src\main\AndroidManifest.xml:125:9-128:52
	android:screenOrientation
		ADDED from src\main\AndroidManifest.xml:128:13-49
	android:launchMode
		ADDED from src\main\AndroidManifest.xml:127:13-44
	android:name
		ADDED from src\main\AndroidManifest.xml:126:13-52
activity#com.jiubang.p2p.ui.ChargeNotesActivity
ADDED from src\main\AndroidManifest.xml:129:9-132:52
	android:screenOrientation
		ADDED from src\main\AndroidManifest.xml:132:13-49
	android:launchMode
		ADDED from src\main\AndroidManifest.xml:131:13-44
	android:name
		ADDED from src\main\AndroidManifest.xml:130:13-51
activity#com.jiubang.p2p.ui.BankCardBFActivity
ADDED from src\main\AndroidManifest.xml:133:9-136:52
	android:screenOrientation
		ADDED from src\main\AndroidManifest.xml:136:13-49
	android:launchMode
		ADDED from src\main\AndroidManifest.xml:135:13-44
	android:name
		ADDED from src\main\AndroidManifest.xml:134:13-50
activity#com.jiubang.p2p.ui.CashCaptionActivity
ADDED from src\main\AndroidManifest.xml:137:9-140:52
	android:screenOrientation
		ADDED from src\main\AndroidManifest.xml:140:13-49
	android:launchMode
		ADDED from src\main\AndroidManifest.xml:139:13-44
	android:name
		ADDED from src\main\AndroidManifest.xml:138:13-51
activity#com.jiubang.p2p.ui.GestureActivity
ADDED from src\main\AndroidManifest.xml:141:9-144:52
	android:screenOrientation
		ADDED from src\main\AndroidManifest.xml:144:13-49
	android:launchMode
		ADDED from src\main\AndroidManifest.xml:143:13-44
	android:name
		ADDED from src\main\AndroidManifest.xml:142:13-47
activity#com.jiubang.p2p.ui.GestureCloseActivity
ADDED from src\main\AndroidManifest.xml:145:9-148:52
	android:screenOrientation
		ADDED from src\main\AndroidManifest.xml:148:13-49
	android:launchMode
		ADDED from src\main\AndroidManifest.xml:147:13-44
	android:name
		ADDED from src\main\AndroidManifest.xml:146:13-52
activity#com.jiubang.p2p.ui.YibaoActivity
ADDED from src\main\AndroidManifest.xml:149:9-152:52
	android:screenOrientation
		ADDED from src\main\AndroidManifest.xml:152:13-49
	android:launchMode
		ADDED from src\main\AndroidManifest.xml:151:13-44
	android:name
		ADDED from src\main\AndroidManifest.xml:150:13-45
activity#com.jiubang.p2p.ui.AboutActivity
ADDED from src\main\AndroidManifest.xml:153:9-156:52
	android:screenOrientation
		ADDED from src\main\AndroidManifest.xml:156:13-49
	android:launchMode
		ADDED from src\main\AndroidManifest.xml:155:13-44
	android:name
		ADDED from src\main\AndroidManifest.xml:154:13-45
activity#com.jiubang.p2p.ui.SecurityActivity
ADDED from src\main\AndroidManifest.xml:157:9-160:52
	android:screenOrientation
		ADDED from src\main\AndroidManifest.xml:160:13-49
	android:launchMode
		ADDED from src\main\AndroidManifest.xml:159:13-44
	android:name
		ADDED from src\main\AndroidManifest.xml:158:13-48
activity#com.jiubang.p2p.ui.HelpCenterActivity
ADDED from src\main\AndroidManifest.xml:161:9-164:52
	android:screenOrientation
		ADDED from src\main\AndroidManifest.xml:164:13-49
	android:launchMode
		ADDED from src\main\AndroidManifest.xml:163:13-44
	android:name
		ADDED from src\main\AndroidManifest.xml:162:13-50
activity#com.jiubang.p2p.ui.FeedbackActivity
ADDED from src\main\AndroidManifest.xml:165:9-168:52
	android:screenOrientation
		ADDED from src\main\AndroidManifest.xml:168:13-49
	android:launchMode
		ADDED from src\main\AndroidManifest.xml:167:13-44
	android:name
		ADDED from src\main\AndroidManifest.xml:166:13-48
activity#com.jiubang.p2p.ui.TenderActivity
ADDED from src\main\AndroidManifest.xml:169:9-173:75
	android:screenOrientation
		ADDED from src\main\AndroidManifest.xml:172:13-49
	android:launchMode
		ADDED from src\main\AndroidManifest.xml:171:13-42
	android:windowSoftInputMode
		ADDED from src\main\AndroidManifest.xml:173:13-72
	android:name
		ADDED from src\main\AndroidManifest.xml:170:13-46
activity#com.jiubang.p2p.ui.TenderTransferActivity
ADDED from src\main\AndroidManifest.xml:174:9-178:75
	android:screenOrientation
		ADDED from src\main\AndroidManifest.xml:177:13-49
	android:launchMode
		ADDED from src\main\AndroidManifest.xml:176:13-42
	android:windowSoftInputMode
		ADDED from src\main\AndroidManifest.xml:178:13-72
	android:name
		ADDED from src\main\AndroidManifest.xml:175:13-54
activity#com.jiubang.p2p.ui.UseRedActivity
ADDED from src\main\AndroidManifest.xml:179:9-182:52
	android:screenOrientation
		ADDED from src\main\AndroidManifest.xml:182:13-49
	android:launchMode
		ADDED from src\main\AndroidManifest.xml:181:13-42
	android:name
		ADDED from src\main\AndroidManifest.xml:180:13-46
activity#com.jiubang.p2p.ui.ExperienceUseRedActivity
ADDED from src\main\AndroidManifest.xml:183:9-186:52
	android:screenOrientation
		ADDED from src\main\AndroidManifest.xml:186:13-49
	android:launchMode
		ADDED from src\main\AndroidManifest.xml:185:13-42
	android:name
		ADDED from src\main\AndroidManifest.xml:184:13-56
activity#com.jiubang.p2p.ui.TenderProtocolActivity
ADDED from src\main\AndroidManifest.xml:187:9-190:52
	android:screenOrientation
		ADDED from src\main\AndroidManifest.xml:190:13-49
	android:launchMode
		ADDED from src\main\AndroidManifest.xml:189:13-44
	android:name
		ADDED from src\main\AndroidManifest.xml:188:13-54
activity#com.jiubang.p2p.ui.SignupProtocolActivity
ADDED from src\main\AndroidManifest.xml:191:9-194:52
	android:screenOrientation
		ADDED from src\main\AndroidManifest.xml:194:13-49
	android:launchMode
		ADDED from src\main\AndroidManifest.xml:193:13-44
	android:name
		ADDED from src\main\AndroidManifest.xml:192:13-54
activity#com.jiubang.p2p.ui.NormalInviteActivity
ADDED from src\main\AndroidManifest.xml:195:9-198:52
	android:screenOrientation
		ADDED from src\main\AndroidManifest.xml:198:13-49
	android:launchMode
		ADDED from src\main\AndroidManifest.xml:197:13-44
	android:name
		ADDED from src\main\AndroidManifest.xml:196:13-52
activity#com.jiubang.p2p.ui.YanInviteActivity
ADDED from src\main\AndroidManifest.xml:199:9-202:52
	android:screenOrientation
		ADDED from src\main\AndroidManifest.xml:202:13-49
	android:launchMode
		ADDED from src\main\AndroidManifest.xml:201:13-44
	android:name
		ADDED from src\main\AndroidManifest.xml:200:13-49
activity#com.jiubang.p2p.ui.InviteListActivity
ADDED from src\main\AndroidManifest.xml:203:9-206:52
	android:screenOrientation
		ADDED from src\main\AndroidManifest.xml:206:13-49
	android:launchMode
		ADDED from src\main\AndroidManifest.xml:205:13-44
	android:name
		ADDED from src\main\AndroidManifest.xml:204:13-50
activity#com.jiubang.p2p.ui.ClaimsTransferActivity
ADDED from src\main\AndroidManifest.xml:207:9-210:52
	android:screenOrientation
		ADDED from src\main\AndroidManifest.xml:210:13-49
	android:launchMode
		ADDED from src\main\AndroidManifest.xml:209:13-44
	android:name
		ADDED from src\main\AndroidManifest.xml:208:13-54
activity#com.jiubang.p2p.ui.TransferRuleActivity
ADDED from src\main\AndroidManifest.xml:211:9-214:52
	android:screenOrientation
		ADDED from src\main\AndroidManifest.xml:214:13-49
	android:launchMode
		ADDED from src\main\AndroidManifest.xml:213:13-44
	android:name
		ADDED from src\main\AndroidManifest.xml:212:13-52
activity#com.jiubang.p2p.ui.TransferActivity
ADDED from src\main\AndroidManifest.xml:215:9-218:52
	android:screenOrientation
		ADDED from src\main\AndroidManifest.xml:218:13-49
	android:launchMode
		ADDED from src\main\AndroidManifest.xml:217:13-44
	android:name
		ADDED from src\main\AndroidManifest.xml:216:13-48
activity#com.jiubang.p2p.ui.TransferSuccessActivity
ADDED from src\main\AndroidManifest.xml:219:9-222:52
	android:screenOrientation
		ADDED from src\main\AndroidManifest.xml:222:13-49
	android:launchMode
		ADDED from src\main\AndroidManifest.xml:221:13-44
	android:name
		ADDED from src\main\AndroidManifest.xml:220:13-55
activity#com.jiubang.p2p.ui.TenderInvestSuccessActivity
ADDED from src\main\AndroidManifest.xml:223:9-226:52
	android:screenOrientation
		ADDED from src\main\AndroidManifest.xml:226:13-49
	android:launchMode
		ADDED from src\main\AndroidManifest.xml:225:13-44
	android:name
		ADDED from src\main\AndroidManifest.xml:224:13-59
activity#com.jiubang.p2p.ui.TenderInvestFailActivity
ADDED from src\main\AndroidManifest.xml:227:9-230:52
	android:screenOrientation
		ADDED from src\main\AndroidManifest.xml:230:13-49
	android:launchMode
		ADDED from src\main\AndroidManifest.xml:229:13-44
	android:name
		ADDED from src\main\AndroidManifest.xml:228:13-56
activity#com.jiubang.p2p.ui.TransferFailActivity
ADDED from src\main\AndroidManifest.xml:231:9-234:52
	android:screenOrientation
		ADDED from src\main\AndroidManifest.xml:234:13-49
	android:launchMode
		ADDED from src\main\AndroidManifest.xml:233:13-44
	android:name
		ADDED from src\main\AndroidManifest.xml:232:13-52
activity#com.jiubang.p2p.ui.SlidingMenuActivity
ADDED from src\main\AndroidManifest.xml:235:9-238:52
	android:screenOrientation
		ADDED from src\main\AndroidManifest.xml:238:13-49
	android:launchMode
		ADDED from src\main\AndroidManifest.xml:237:13-44
	android:name
		ADDED from src\main\AndroidManifest.xml:236:13-51
activity#com.jiubang.p2p.ui.IntegralDetailActivity
ADDED from src\main\AndroidManifest.xml:239:9-242:52
	android:screenOrientation
		ADDED from src\main\AndroidManifest.xml:242:13-49
	android:launchMode
		ADDED from src\main\AndroidManifest.xml:241:13-44
	android:name
		ADDED from src\main\AndroidManifest.xml:240:13-54
activity#com.jiubang.p2p.ui.IntegralRuleActivity
ADDED from src\main\AndroidManifest.xml:243:9-246:52
	android:screenOrientation
		ADDED from src\main\AndroidManifest.xml:246:13-49
	android:launchMode
		ADDED from src\main\AndroidManifest.xml:245:13-44
	android:name
		ADDED from src\main\AndroidManifest.xml:244:13-52
activity#com.jiubang.p2p.ui.MessageCenterActivity
ADDED from src\main\AndroidManifest.xml:247:9-250:52
	android:screenOrientation
		ADDED from src\main\AndroidManifest.xml:250:13-49
	android:launchMode
		ADDED from src\main\AndroidManifest.xml:249:13-44
	android:name
		ADDED from src\main\AndroidManifest.xml:248:13-53
activity#com.jiubang.p2p.ui.IntegralMallActivity
ADDED from src\main\AndroidManifest.xml:251:9-254:52
	android:screenOrientation
		ADDED from src\main\AndroidManifest.xml:254:13-49
	android:launchMode
		ADDED from src\main\AndroidManifest.xml:253:13-44
	android:name
		ADDED from src\main\AndroidManifest.xml:252:13-52
activity#com.jiubang.p2p.ui.MessageCenterDetailActivity
ADDED from src\main\AndroidManifest.xml:255:9-258:52
	android:screenOrientation
		ADDED from src\main\AndroidManifest.xml:258:13-49
	android:launchMode
		ADDED from src\main\AndroidManifest.xml:257:13-44
	android:name
		ADDED from src\main\AndroidManifest.xml:256:13-59
activity#com.jiubang.p2p.ui.TransactionActivity
ADDED from src\main\AndroidManifest.xml:259:9-262:52
	android:screenOrientation
		ADDED from src\main\AndroidManifest.xml:262:13-49
	android:launchMode
		ADDED from src\main\AndroidManifest.xml:261:13-44
	android:name
		ADDED from src\main\AndroidManifest.xml:260:13-51
activity#com.jiubang.p2p.ui.UpdatePhoneActivity
ADDED from src\main\AndroidManifest.xml:263:9-266:52
	android:screenOrientation
		ADDED from src\main\AndroidManifest.xml:266:13-49
	android:launchMode
		ADDED from src\main\AndroidManifest.xml:265:13-44
	android:name
		ADDED from src\main\AndroidManifest.xml:264:13-51
activity#com.jiubang.p2p.ui.UpdatePhoneVerifyActivity
ADDED from src\main\AndroidManifest.xml:267:9-270:52
	android:screenOrientation
		ADDED from src\main\AndroidManifest.xml:270:13-49
	android:launchMode
		ADDED from src\main\AndroidManifest.xml:269:13-44
	android:name
		ADDED from src\main\AndroidManifest.xml:268:13-57
activity#com.jiubang.p2p.ui.GuideActivity
ADDED from src\main\AndroidManifest.xml:271:9-274:52
	android:screenOrientation
		ADDED from src\main\AndroidManifest.xml:274:13-49
	android:launchMode
		ADDED from src\main\AndroidManifest.xml:273:13-44
	android:name
		ADDED from src\main\AndroidManifest.xml:272:13-45
activity#com.jiubang.p2p.ui.InformationBreachActivity
ADDED from src\main\AndroidManifest.xml:275:9-278:52
	android:screenOrientation
		ADDED from src\main\AndroidManifest.xml:278:13-49
	android:launchMode
		ADDED from src\main\AndroidManifest.xml:277:13-44
	android:name
		ADDED from src\main\AndroidManifest.xml:276:13-57
activity#com.jiubang.p2p.ui.MemberActivity
ADDED from src\main\AndroidManifest.xml:279:9-282:52
	android:screenOrientation
		ADDED from src\main\AndroidManifest.xml:282:13-49
	android:launchMode
		ADDED from src\main\AndroidManifest.xml:281:13-44
	android:name
		ADDED from src\main\AndroidManifest.xml:280:13-46
activity#com.jiubang.p2p.ui.MemberRuleActivity
ADDED from src\main\AndroidManifest.xml:283:9-286:52
	android:screenOrientation
		ADDED from src\main\AndroidManifest.xml:286:13-49
	android:launchMode
		ADDED from src\main\AndroidManifest.xml:285:13-44
	android:name
		ADDED from src\main\AndroidManifest.xml:284:13-50
activity#com.jiubang.p2p.ui.ConfirmBuyActivity
ADDED from src\main\AndroidManifest.xml:287:9-290:52
	android:screenOrientation
		ADDED from src\main\AndroidManifest.xml:290:13-49
	android:launchMode
		ADDED from src\main\AndroidManifest.xml:289:13-44
	android:name
		ADDED from src\main\AndroidManifest.xml:288:13-50
activity#com.jiubang.p2p.ui.ConfirmBuyTransferActivity
ADDED from src\main\AndroidManifest.xml:291:9-294:52
	android:screenOrientation
		ADDED from src\main\AndroidManifest.xml:294:13-49
	android:launchMode
		ADDED from src\main\AndroidManifest.xml:293:13-44
	android:name
		ADDED from src\main\AndroidManifest.xml:292:13-58
activity#com.jiubang.p2p.ui.PlanABCConfirmBuyActivity
ADDED from src\main\AndroidManifest.xml:295:9-298:52
	android:screenOrientation
		ADDED from src\main\AndroidManifest.xml:298:13-49
	android:launchMode
		ADDED from src\main\AndroidManifest.xml:297:13-44
	android:name
		ADDED from src\main\AndroidManifest.xml:296:13-57
activity#com.jiubang.p2p.ui.PlanABCBuySuccessActivity
ADDED from src\main\AndroidManifest.xml:299:9-302:52
	android:screenOrientation
		ADDED from src\main\AndroidManifest.xml:302:13-49
	android:launchMode
		ADDED from src\main\AndroidManifest.xml:301:13-44
	android:name
		ADDED from src\main\AndroidManifest.xml:300:13-57
activity#com.jiubang.p2p.ui.PlanABCBuyFailActivity
ADDED from src\main\AndroidManifest.xml:303:9-306:52
	android:screenOrientation
		ADDED from src\main\AndroidManifest.xml:306:13-49
	android:launchMode
		ADDED from src\main\AndroidManifest.xml:305:13-44
	android:name
		ADDED from src\main\AndroidManifest.xml:304:13-54
activity#com.jiubang.p2p.ui.IntegralRewardActivity
ADDED from src\main\AndroidManifest.xml:307:9-310:52
	android:screenOrientation
		ADDED from src\main\AndroidManifest.xml:310:13-49
	android:launchMode
		ADDED from src\main\AndroidManifest.xml:309:13-44
	android:name
		ADDED from src\main\AndroidManifest.xml:308:13-54
activity#com.jiubang.p2p.ui.BirthdayRedActivity
ADDED from src\main\AndroidManifest.xml:311:9-314:52
	android:screenOrientation
		ADDED from src\main\AndroidManifest.xml:314:13-49
	android:launchMode
		ADDED from src\main\AndroidManifest.xml:313:13-44
	android:name
		ADDED from src\main\AndroidManifest.xml:312:13-51
activity#cn.sharesdk.framework.ShareSDKUIShell
ADDED from src\main\AndroidManifest.xml:315:9-329:20
	android:screenOrientation
		ADDED from src\main\AndroidManifest.xml:318:13-49
	android:windowSoftInputMode
		ADDED from src\main\AndroidManifest.xml:320:13-67
	android:configChanges
		ADDED from src\main\AndroidManifest.xml:317:13-74
	android:theme
		ADDED from src\main\AndroidManifest.xml:319:13-72
	android:name
		ADDED from src\main\AndroidManifest.xml:316:13-65
intent-filter#android.intent.action.VIEW+android.intent.category.BROWSABLE+android.intent.category.DEFAULT
ADDED from src\main\AndroidManifest.xml:321:13-328:29
data
ADDED from src\main\AndroidManifest.xml:322:17-59
	android:scheme
		ADDED from src\main\AndroidManifest.xml:322:23-56
action#android.intent.action.VIEW
ADDED from src\main\AndroidManifest.xml:324:17-69
	android:name
		ADDED from src\main\AndroidManifest.xml:324:25-66
category#android.intent.category.BROWSABLE
ADDED from src\main\AndroidManifest.xml:326:17-78
	android:name
		ADDED from src\main\AndroidManifest.xml:326:27-75
category#android.intent.category.DEFAULT
ADDED from src\main\AndroidManifest.xml:327:17-76
	android:name
		ADDED from src\main\AndroidManifest.xml:327:27-73
activity#com.jiubang.p2p.wxapi.WXEntryActivity
ADDED from src\main\AndroidManifest.xml:331:9-336:75
	android:screenOrientation
		ADDED from src\main\AndroidManifest.xml:335:13-49
	android:exported
		ADDED from src\main\AndroidManifest.xml:334:13-36
	android:configChanges
		ADDED from src\main\AndroidManifest.xml:333:13-74
	android:theme
		ADDED from src\main\AndroidManifest.xml:336:13-72
	android:name
		ADDED from src\main\AndroidManifest.xml:332:13-50
activity#com.jiubang.p2p.ui.FindPwdOneActivity
ADDED from src\main\AndroidManifest.xml:337:9-341:20
	android:screenOrientation
		ADDED from src\main\AndroidManifest.xml:340:13-49
	android:label
		ADDED from src\main\AndroidManifest.xml:339:13-60
	android:name
		ADDED from src\main\AndroidManifest.xml:338:13-50
activity#com.jiubang.p2p.ui.VerifyPwd
ADDED from src\main\AndroidManifest.xml:342:9-345:20
	android:label
		ADDED from src\main\AndroidManifest.xml:344:13-62
	android:name
		ADDED from src\main\AndroidManifest.xml:343:13-41